Build started 5/10/2019 1:31:44 PM.
     1>Project "D:\Sixth Semester Material\COAL PROJECT\IQ1000\p\p.vcxproj" on node 3 (build target(s)).
     1>InitializeBuildStatus:
         Creating "Debug\p.unsuccessfulbuild" because "AlwaysCreate" was specified.
       ClCompile:
         C:\Program Files (x86)\Microsoft Visual Studio 10.0\VC\bin\CL.exe /c /ZI /nologo /W3 /WX- /Od /Oy- /D WIN32 /D _DEBUG /D _CONSOLE /D _UNICODE /D UNICODE /Gm /EHsc /RTC1 /MDd /GS /fp:precise /Zc:wchar_t /Zc:forScope /Yc"StdAfx.h" /Fp"Debug\p.pch" /Fo"Debug\\" /Fd"Debug\vc100.pdb" /Gd /TP /analyze- /errorReport:prompt stdafx.cpp
         stdafx.cpp
         C:\Program Files (x86)\Microsoft Visual Studio 10.0\VC\bin\CL.exe /c /ZI /nologo /W3 /WX- /Od /Oy- /D WIN32 /D _DEBUG /D _CONSOLE /D _UNICODE /D UNICODE /Gm /EHsc /RTC1 /MDd /GS /fp:precise /Zc:wchar_t /Zc:forScope /Yu"StdAfx.h" /Fp"Debug\p.pch" /Fo"Debug\\" /Fd"Debug\vc100.pdb" /Gd /TP /analyze- /errorReport:prompt p.cpp
         p.cpp
       ManifestResourceCompile:
         C:\Program Files (x86)\Microsoft SDKs\Windows\v7.0A\bin\rc.exe /nologo /fo"Debug\p.exe.embed.manifest.res" Debug\p_manifest.rc 
       Link:
         C:\Program Files (x86)\Microsoft Visual Studio 10.0\VC\bin\link.exe /ERRORREPORT:PROMPT /OUT:"D:\Sixth Semester Material\COAL PROJECT\IQ1000\Debug\p.exe" /INCREMENTAL /NOLOGO kernel32.lib user32.lib gdi32.lib winspool.lib comdlg32.lib advapi32.lib shell32.lib ole32.lib oleaut32.lib uuid.lib odbc32.lib odbccp32.lib /MANIFEST /ManifestFile:"Debug\p.exe.intermediate.manifest" /MANIFESTUAC:"level='asInvoker' uiAccess='false'" /DEBUG /PDB:"D:\Sixth Semester Material\COAL PROJECT\IQ1000\Debug\p.pdb" /SUBSYSTEM:CONSOLE /TLBID:1 /DYNAMICBASE /NXCOMPAT /IMPLIB:"D:\Sixth Semester Material\COAL PROJECT\IQ1000\Debug\p.lib" /MACHINE:X86 Debug\p.exe.embed.manifest.res
         Debug\p.obj
         Debug\stdafx.obj
       Manifest:
         C:\Program Files (x86)\Microsoft SDKs\Windows\v7.0A\bin\mt.exe /nologo /verbose /out:"Debug\p.exe.embed.manifest" /manifest Debug\p.exe.intermediate.manifest
         C:\Program Files (x86)\Microsoft SDKs\Windows\v7.0A\bin\rc.exe /nologo /fo"Debug\p.exe.embed.manifest.res" Debug\p_manifest.rc 
       LinkEmbedManifest:
         C:\Program Files (x86)\Microsoft Visual Studio 10.0\VC\bin\link.exe /ERRORREPORT:PROMPT /OUT:"D:\Sixth Semester Material\COAL PROJECT\IQ1000\Debug\p.exe" /INCREMENTAL /NOLOGO kernel32.lib user32.lib gdi32.lib winspool.lib comdlg32.lib advapi32.lib shell32.lib ole32.lib oleaut32.lib uuid.lib odbc32.lib odbccp32.lib /MANIFEST /ManifestFile:"Debug\p.exe.intermediate.manifest" /MANIFESTUAC:"level='asInvoker' uiAccess='false'" /DEBUG /PDB:"D:\Sixth Semester Material\COAL PROJECT\IQ1000\Debug\p.pdb" /SUBSYSTEM:CONSOLE /TLBID:1 /DYNAMICBASE /NXCOMPAT /IMPLIB:"D:\Sixth Semester Material\COAL PROJECT\IQ1000\Debug\p.lib" /MACHINE:X86 Debug\p.exe.embed.manifest.res
         Debug\p.obj
         Debug\stdafx.obj
         p.vcxproj -> D:\Sixth Semester Material\COAL PROJECT\IQ1000\Debug\p.exe
       FinalizeBuildStatus:
         Deleting file "Debug\p.unsuccessfulbuild".
         Touching "Debug\p.lastbuildstate".
     1>Done Building Project "D:\Sixth Semester Material\COAL PROJECT\IQ1000\p\p.vcxproj" (build target(s)).

Build succeeded.

Time Elapsed 00:00:05.00
