Build started 5/10/2019 1:31:44 PM.
     1>Project "D:\Sixth Semester Material\COAL PROJECT\IQ1000\IQ1000\IQ1000.vcxproj" on node 2 (build target(s)).
     1>InitializeBuildStatus:
         Creating "Debug\IQ1000.unsuccessfulbuild" because "AlwaysCreate" was specified.
       ClCompile:
         All outputs are up-to-date.
         C:\Program Files (x86)\Microsoft Visual Studio 10.0\VC\bin\CL.exe /c /ZI /nologo /W3 /WX- /Od /Oy- /D WIN32 /D _DEBUG /D _CONSOLE /D _UNICODE /D UNICODE /Gm /EHsc /RTC1 /MDd /GS /fp:precise /Zc:wchar_t /Zc:forScope /Yu"StdAfx.h" /Fp"Debug\IQ1000.pch" /Fo"Debug\\" /Fd"Debug\vc100.pdb" /Gd /TP /analyze- /errorReport:prompt IQ1000.cpp
         IQ1000.cpp
     1>d:\sixth semester material\coal project\iq1000\iq1000\iq1000.cpp(245): warning C4244: 'initializing' : conversion from 'int' to 'float', possible loss of data
     1>d:\sixth semester material\coal project\iq1000\iq1000\iq1000.cpp(677): warning C4244: 'argument' : conversion from 'time_t' to 'unsigned int', possible loss of data
       ManifestResourceCompile:
         All outputs are up-to-date.
       Link:
         C:\Program Files (x86)\Microsoft Visual Studio 10.0\VC\bin\link.exe /ERRORREPORT:PROMPT /OUT:"D:\Sixth Semester Material\COAL PROJECT\IQ1000\Debug\IQ1000.exe" /INCREMENTAL /NOLOGO kernel32.lib user32.lib gdi32.lib winspool.lib comdlg32.lib advapi32.lib shell32.lib ole32.lib oleaut32.lib uuid.lib odbc32.lib odbccp32.lib /MANIFEST /ManifestFile:"Debug\IQ1000.exe.intermediate.manifest" /MANIFESTUAC:"level='asInvoker' uiAccess='false'" /DEBUG /PDB:"D:\Sixth Semester Material\COAL PROJECT\IQ1000\Debug\IQ1000.pdb" /SUBSYSTEM:CONSOLE /TLBID:1 /DYNAMICBASE /NXCOMPAT /IMPLIB:"D:\Sixth Semester Material\COAL PROJECT\IQ1000\Debug\IQ1000.lib" /MACHINE:X86 Debug\IQ1000.exe.embed.manifest.res
         Debug\IQ1000.obj
         Debug\stdafx.obj
       Manifest:
         C:\Program Files (x86)\Microsoft SDKs\Windows\v7.0A\bin\mt.exe /nologo /verbose /out:"Debug\IQ1000.exe.embed.manifest" /manifest Debug\IQ1000.exe.intermediate.manifest
         All outputs are up-to-date.
       LinkEmbedManifest:
         All outputs are up-to-date.
         IQ1000.vcxproj -> D:\Sixth Semester Material\COAL PROJECT\IQ1000\Debug\IQ1000.exe
       FinalizeBuildStatus:
         Deleting file "Debug\IQ1000.unsuccessfulbuild".
         Touching "Debug\IQ1000.lastbuildstate".
     1>Done Building Project "D:\Sixth Semester Material\COAL PROJECT\IQ1000\IQ1000\IQ1000.vcxproj" (build target(s)).

Build succeeded.

Time Elapsed 00:00:06.11
